0 info it worked if it ends with ok
1 verbose cli [ 'C:\\Program Files\\nodejs\\node.exe',
1 verbose cli   'C:\\Program Files\\nodejs\\node_modules\\npm\\bin\\npm-cli.js',
1 verbose cli   'install',
1 verbose cli   'grunt-image-base64-sass',
1 verbose cli   '--save-dev' ]
2 info using npm@2.15.9
3 info using node@v4.5.0
4 verbose install initial load of c:\xampp\htdocs\ayelabs\rohas\wp-content\themes\rohas-lite\package.json
5 warn package.json RohasTheme@0.1.0 No repository field.
6 warn package.json RohasTheme@0.1.0 No license field.
7 verbose installManyTop reading scoped package data from c:\xampp\htdocs\ayelabs\rohas\wp-content\themes\rohas-lite\node_modules\grunt\package.json
8 verbose installManyTop reading scoped package data from c:\xampp\htdocs\ayelabs\rohas\wp-content\themes\rohas-lite\node_modules\grunt-contrib-concat\package.json
9 verbose installManyTop reading scoped package data from c:\xampp\htdocs\ayelabs\rohas\wp-content\themes\rohas-lite\node_modules\grunt-contrib-uglify\package.json
10 verbose installManyTop reading scoped package data from c:\xampp\htdocs\ayelabs\rohas\wp-content\themes\rohas-lite\node_modules\grunt-contrib-watch\package.json
11 verbose installManyTop reading scoped package data from c:\xampp\htdocs\ayelabs\rohas\wp-content\themes\rohas-lite\node_modules\grunt-sass\package.json
12 verbose installManyTop reading scoped package data from c:\xampp\htdocs\ayelabs\rohas\wp-content\themes\rohas-lite\node_modules\load-grunt-tasks\package.json
13 verbose readDependencies loading dependencies from c:\xampp\htdocs\ayelabs\rohas\wp-content\themes\rohas-lite\package.json
14 silly cache add args [ 'grunt-image-base64-sass', null ]
15 verbose cache add spec grunt-image-base64-sass
16 silly cache add parsed spec Result {
16 silly cache add   raw: 'grunt-image-base64-sass',
16 silly cache add   scope: null,
16 silly cache add   name: 'grunt-image-base64-sass',
16 silly cache add   rawSpec: '',
16 silly cache add   spec: 'latest',
16 silly cache add   type: 'tag' }
17 silly addNamed grunt-image-base64-sass@latest
18 verbose addNamed "latest" is being treated as a dist-tag for grunt-image-base64-sass
19 info addNameTag [ 'grunt-image-base64-sass', 'latest' ]
20 silly mapToRegistry name grunt-image-base64-sass
21 silly mapToRegistry using default registry
22 silly mapToRegistry registry https://registry.npmjs.org/
23 silly mapToRegistry data Result {
23 silly mapToRegistry   raw: 'grunt-image-base64-sass',
23 silly mapToRegistry   scope: null,
23 silly mapToRegistry   name: 'grunt-image-base64-sass',
23 silly mapToRegistry   rawSpec: '',
23 silly mapToRegistry   spec: 'latest',
23 silly mapToRegistry   type: 'tag' }
24 silly mapToRegistry uri https://registry.npmjs.org/grunt-image-base64-sass
25 verbose addNameTag registry:https://registry.npmjs.org/grunt-image-base64-sass not in flight; fetching
26 verbose request uri https://registry.npmjs.org/grunt-image-base64-sass
27 verbose request no auth needed
28 info attempt registry request try #1 at 3:32:08 PM
29 verbose request id aab218908b589960
30 http request GET https://registry.npmjs.org/grunt-image-base64-sass
31 http 200 https://registry.npmjs.org/grunt-image-base64-sass
32 verbose headers { server: 'CouchDB/1.5.0 (Erlang OTP/R16B03)',
32 verbose headers   etag: '"6OUFGOCRFNLVDW62PL50F9LKX"',
32 verbose headers   'content-type': 'application/json',
32 verbose headers   'content-encoding': 'gzip',
32 verbose headers   'cache-control': 'max-age=300',
32 verbose headers   'content-length': '1835',
32 verbose headers   'accept-ranges': 'bytes',
32 verbose headers   date: 'Sat, 03 Sep 2016 13:32:10 GMT',
32 verbose headers   via: '1.1 varnish',
32 verbose headers   age: '0',
32 verbose headers   connection: 'keep-alive',
32 verbose headers   'x-served-by': 'cache-fra1249-FRA',
32 verbose headers   'x-cache': 'MISS',
32 verbose headers   'x-cache-hits': '0',
32 verbose headers   'x-timer': 'S1472909529.607088,VS0,VE451',
32 verbose headers   vary: 'Accept-Encoding' }
33 silly get cb [ 200,
33 silly get   { server: 'CouchDB/1.5.0 (Erlang OTP/R16B03)',
33 silly get     etag: '"6OUFGOCRFNLVDW62PL50F9LKX"',
33 silly get     'content-type': 'application/json',
33 silly get     'content-encoding': 'gzip',
33 silly get     'cache-control': 'max-age=300',
33 silly get     'content-length': '1835',
33 silly get     'accept-ranges': 'bytes',
33 silly get     date: 'Sat, 03 Sep 2016 13:32:10 GMT',
33 silly get     via: '1.1 varnish',
33 silly get     age: '0',
33 silly get     connection: 'keep-alive',
33 silly get     'x-served-by': 'cache-fra1249-FRA',
33 silly get     'x-cache': 'MISS',
33 silly get     'x-cache-hits': '0',
33 silly get     'x-timer': 'S1472909529.607088,VS0,VE451',
33 silly get     vary: 'Accept-Encoding' } ]
34 verbose get saving grunt-image-base64-sass to C:\Users\Robi\AppData\Roaming\npm-cache\registry.npmjs.org\grunt-image-base64-sass\.cache.json
35 verbose correctMkdir C:\Users\Robi\AppData\Roaming\npm-cache correctMkdir not in flight; initializing
36 silly addNameTag next cb for grunt-image-base64-sass with tag latest
37 silly addNamed grunt-image-base64-sass@1.0.4
38 verbose addNamed "1.0.4" is a plain semver version for grunt-image-base64-sass
39 silly mapToRegistry name grunt-image-base64-sass
40 silly mapToRegistry using default registry
41 silly mapToRegistry registry https://registry.npmjs.org/
42 silly mapToRegistry data Result {
42 silly mapToRegistry   raw: 'grunt-image-base64-sass',
42 silly mapToRegistry   scope: null,
42 silly mapToRegistry   name: 'grunt-image-base64-sass',
42 silly mapToRegistry   rawSpec: '',
42 silly mapToRegistry   spec: 'latest',
42 silly mapToRegistry   type: 'tag' }
43 silly mapToRegistry uri https://registry.npmjs.org/grunt-image-base64-sass
44 verbose addRemoteTarball https://registry.npmjs.org/grunt-image-base64-sass/-/grunt-image-base64-sass-1.0.4.tgz not in flight; adding
45 verbose addRemoteTarball [ 'https://registry.npmjs.org/grunt-image-base64-sass/-/grunt-image-base64-sass-1.0.4.tgz',
45 verbose addRemoteTarball   '4cd5ca74fe820daea5894dc5d626cd0493e2f3f1' ]
46 info retry fetch attempt 1 at 3:32:09 PM
47 info attempt registry request try #1 at 3:32:09 PM
48 http fetch GET https://registry.npmjs.org/grunt-image-base64-sass/-/grunt-image-base64-sass-1.0.4.tgz
49 http fetch 200 https://registry.npmjs.org/grunt-image-base64-sass/-/grunt-image-base64-sass-1.0.4.tgz
50 silly fetchAndShaCheck shasum 4cd5ca74fe820daea5894dc5d626cd0493e2f3f1
51 verbose addTmpTarball C:\Users\Robi\AppData\Local\Temp\npm-6364-610b6aac\registry.npmjs.org\grunt-image-base64-sass\-\grunt-image-base64-sass-1.0.4.tgz not in flight; adding
52 verbose addTmpTarball already have metadata; skipping unpack for grunt-image-base64-sass@1.0.4
53 verbose correctMkdir C:\Users\Robi\AppData\Roaming\npm-cache correctMkdir not in flight; initializing
54 silly cache afterAdd grunt-image-base64-sass@1.0.4
55 verbose afterAdd C:\Users\Robi\AppData\Roaming\npm-cache\grunt-image-base64-sass\1.0.4\package\package.json not in flight; writing
56 verbose correctMkdir C:\Users\Robi\AppData\Roaming\npm-cache correctMkdir not in flight; initializing
57 verbose afterAdd C:\Users\Robi\AppData\Roaming\npm-cache\grunt-image-base64-sass\1.0.4\package\package.json written
58 silly install resolved [ { name: 'grunt-image-base64-sass',
58 silly install resolved     description: 'Reads images then writes its base64 string to scss file',
58 silly install resolved     version: '1.0.4',
58 silly install resolved     homepage: 'https://github.com/robinradic/grunt-image-base64-sass',
58 silly install resolved     author: { name: 'Robin Radic', email: 'robin@radic.nl' },
58 silly install resolved     files: [ 'tasks', 'LICENSE-MIT', 'README.md' ],
58 silly install resolved     repository:
58 silly install resolved      { type: 'git',
58 silly install resolved        url: 'https://robinradic@github.com/robinradic/grunt-image-base64-sass' },
58 silly install resolved     bugs: { url: 'https://github.com/robinradic/grunt-image-base64-sass/issues' },
58 silly install resolved     licenses: [ [Object] ],
58 silly install resolved     engines: { node: '>= 0.8.0' },
58 silly install resolved     dependencies: { lodash: '^2.4.1' },
58 silly install resolved     devDependencies:
58 silly install resolved      { grunt: '~0.4.5',
58 silly install resolved        'load-grunt-tasks': '^0.4.0',
58 silly install resolved        'time-grunt': '^0.3.1' },
58 silly install resolved     peerDependencies: { grunt: '~0.4.5' },
58 silly install resolved     keywords: [ 'gruntplugin' ],
58 silly install resolved     gitHead: '1e318c14f3619c6d9f4a8b16aaea08644efe446b',
58 silly install resolved     _id: 'grunt-image-base64-sass@1.0.4',
58 silly install resolved     scripts: {},
58 silly install resolved     _shasum: '4cd5ca74fe820daea5894dc5d626cd0493e2f3f1',
58 silly install resolved     _from: 'grunt-image-base64-sass@latest',
58 silly install resolved     _npmVersion: '2.1.3',
58 silly install resolved     _nodeVersion: '0.10.32',
58 silly install resolved     _npmUser: { name: 'radic', email: 'robin@radic.nl' },
58 silly install resolved     maintainers: [ [Object] ],
58 silly install resolved     dist:
58 silly install resolved      { shasum: '4cd5ca74fe820daea5894dc5d626cd0493e2f3f1',
58 silly install resolved        tarball: 'https://registry.npmjs.org/grunt-image-base64-sass/-/grunt-image-base64-sass-1.0.4.tgz' },
58 silly install resolved     directories: {},
58 silly install resolved     _resolved: 'https://registry.npmjs.org/grunt-image-base64-sass/-/grunt-image-base64-sass-1.0.4.tgz' } ]
59 info install grunt-image-base64-sass@1.0.4 into c:\xampp\htdocs\ayelabs\rohas\wp-content\themes\rohas-lite
60 info installOne grunt-image-base64-sass@1.0.4
61 verbose installOne of grunt-image-base64-sass to c:\xampp\htdocs\ayelabs\rohas\wp-content\themes\rohas-lite not in flight; installing
62 verbose correctMkdir C:\Users\Robi\AppData\Roaming\npm-cache\_locks correctMkdir not in flight; initializing
63 verbose lock using C:\Users\Robi\AppData\Roaming\npm-cache\_locks\grunt-image-base64-sass-7102c5995ba59cc2.lock for c:\xampp\htdocs\ayelabs\rohas\wp-content\themes\rohas-lite\node_modules\grunt-image-base64-sass
64 silly install write writing grunt-image-base64-sass 1.0.4 to c:\xampp\htdocs\ayelabs\rohas\wp-content\themes\rohas-lite\node_modules\grunt-image-base64-sass
65 verbose unbuild node_modules\grunt-image-base64-sass
66 silly gentlyRm c:\xampp\htdocs\ayelabs\rohas\wp-content\themes\rohas-lite\node_modules\grunt-image-base64-sass is being purged from base c:\xampp\htdocs\ayelabs\rohas\wp-content\themes\rohas-lite
67 verbose gentlyRm don't care about contents; nuking c:\xampp\htdocs\ayelabs\rohas\wp-content\themes\rohas-lite\node_modules\grunt-image-base64-sass
68 verbose tar unpack C:\Users\Robi\AppData\Roaming\npm-cache\grunt-image-base64-sass\1.0.4\package.tgz
69 verbose tar unpacking to c:\xampp\htdocs\ayelabs\rohas\wp-content\themes\rohas-lite\node_modules\grunt-image-base64-sass
70 silly gentlyRm c:\xampp\htdocs\ayelabs\rohas\wp-content\themes\rohas-lite\node_modules\grunt-image-base64-sass is being purged
71 verbose gentlyRm don't care about contents; nuking c:\xampp\htdocs\ayelabs\rohas\wp-content\themes\rohas-lite\node_modules\grunt-image-base64-sass
72 silly gunzTarPerm modes [ '777', '666' ]
73 silly gunzTarPerm extractEntry package.json
74 silly gunzTarPerm modified mode [ 'package.json', 420, 438 ]
75 silly gunzTarPerm extractEntry README.md
76 silly gunzTarPerm modified mode [ 'README.md', 420, 438 ]
77 silly gunzTarPerm extractEntry LICENSE-MIT
78 silly gunzTarPerm modified mode [ 'LICENSE-MIT', 420, 438 ]
79 silly gunzTarPerm extractEntry tasks/image_base64_sass.js
80 silly gunzTarPerm modified mode [ 'tasks/image_base64_sass.js', 420, 438 ]
81 verbose write writing to c:\xampp\htdocs\ayelabs\rohas\wp-content\themes\rohas-lite\node_modules\grunt-image-base64-sass\package.json
82 info preinstall grunt-image-base64-sass@1.0.4
83 verbose readDependencies loading dependencies from c:\xampp\htdocs\ayelabs\rohas\wp-content\themes\rohas-lite\node_modules\grunt-image-base64-sass\package.json
84 silly prepareForInstallMany adding lodash@^2.4.1 from grunt-image-base64-sass dependencies
85 silly prepareForInstallMany adding grunt@~0.4.5 from grunt-image-base64-sass peerDependencies
86 warn peerDependencies The peer dependency grunt@~0.4.5 included from grunt-image-base64-sass will no
87 warn peerDependencies longer be automatically installed to fulfill the peerDependency
88 warn peerDependencies in npm 3+. Your application will need to depend on it explicitly.
89 verbose readDependencies loading dependencies from c:\xampp\htdocs\ayelabs\rohas\wp-content\themes\rohas-lite\node_modules\grunt-image-base64-sass\package.json
90 silly cache add args [ 'lodash@^2.4.1', null ]
91 verbose cache add spec lodash@^2.4.1
92 silly cache add parsed spec Result {
92 silly cache add   raw: 'lodash@^2.4.1',
92 silly cache add   scope: null,
92 silly cache add   name: 'lodash',
92 silly cache add   rawSpec: '^2.4.1',
92 silly cache add   spec: '>=2.4.1 <3.0.0',
92 silly cache add   type: 'range' }
93 silly addNamed lodash@>=2.4.1 <3.0.0
94 verbose addNamed ">=2.4.1 <3.0.0" is a valid semver range for lodash
95 silly addNameRange { name: 'lodash', range: '>=2.4.1 <3.0.0', hasData: false }
96 silly mapToRegistry name lodash
97 silly mapToRegistry using default registry
98 silly mapToRegistry registry https://registry.npmjs.org/
99 silly mapToRegistry data Result {
99 silly mapToRegistry   raw: 'lodash',
99 silly mapToRegistry   scope: null,
99 silly mapToRegistry   name: 'lodash',
99 silly mapToRegistry   rawSpec: '',
99 silly mapToRegistry   spec: 'latest',
99 silly mapToRegistry   type: 'tag' }
100 silly mapToRegistry uri https://registry.npmjs.org/lodash
101 verbose addNameRange registry:https://registry.npmjs.org/lodash not in flight; fetching
102 verbose request uri https://registry.npmjs.org/lodash
103 verbose request no auth needed
104 info attempt registry request try #1 at 3:32:09 PM
105 verbose etag "B3EK8HIOS7RZOZX7EFZ4H7RVC"
106 http request GET https://registry.npmjs.org/lodash
107 http 304 https://registry.npmjs.org/lodash
108 verbose headers { date: 'Sat, 03 Sep 2016 13:32:10 GMT',
108 verbose headers   via: '1.1 varnish',
108 verbose headers   'cache-control': 'max-age=300',
108 verbose headers   etag: '"B3EK8HIOS7RZOZX7EFZ4H7RVC"',
108 verbose headers   age: '289',
108 verbose headers   connection: 'keep-alive',
108 verbose headers   'x-served-by': 'cache-fra1249-FRA',
108 verbose headers   'x-cache': 'HIT',
108 verbose headers   'x-cache-hits': '18',
108 verbose headers   'x-timer': 'S1472909530.508187,VS0,VE0',
108 verbose headers   vary: 'Accept-Encoding' }
109 silly get cb [ 304,
109 silly get   { date: 'Sat, 03 Sep 2016 13:32:10 GMT',
109 silly get     via: '1.1 varnish',
109 silly get     'cache-control': 'max-age=300',
109 silly get     etag: '"B3EK8HIOS7RZOZX7EFZ4H7RVC"',
109 silly get     age: '289',
109 silly get     connection: 'keep-alive',
109 silly get     'x-served-by': 'cache-fra1249-FRA',
109 silly get     'x-cache': 'HIT',
109 silly get     'x-cache-hits': '18',
109 silly get     'x-timer': 'S1472909530.508187,VS0,VE0',
109 silly get     vary: 'Accept-Encoding' } ]
110 verbose etag https://registry.npmjs.org/lodash from cache
111 verbose get saving lodash to C:\Users\Robi\AppData\Roaming\npm-cache\registry.npmjs.org\lodash\.cache.json
112 verbose correctMkdir C:\Users\Robi\AppData\Roaming\npm-cache correctMkdir not in flight; initializing
113 silly addNameRange number 2 { name: 'lodash', range: '>=2.4.1 <3.0.0', hasData: true }
114 silly addNameRange versions [ 'lodash',
114 silly addNameRange   [ '0.1.0',
114 silly addNameRange     '0.2.0',
114 silly addNameRange     '0.2.1',
114 silly addNameRange     '0.2.2',
114 silly addNameRange     '0.3.0',
114 silly addNameRange     '0.3.1',
114 silly addNameRange     '0.3.2',
114 silly addNameRange     '0.4.0',
114 silly addNameRange     '0.4.1',
114 silly addNameRange     '0.4.2',
114 silly addNameRange     '0.5.0-rc.1',
114 silly addNameRange     '0.5.0',
114 silly addNameRange     '0.5.1',
114 silly addNameRange     '0.5.2',
114 silly addNameRange     '0.6.0',
114 silly addNameRange     '0.6.1',
114 silly addNameRange     '0.7.0',
114 silly addNameRange     '0.8.0',
114 silly addNameRange     '0.8.1',
114 silly addNameRange     '0.8.2',
114 silly addNameRange     '0.9.0',
114 silly addNameRange     '0.9.1',
114 silly addNameRange     '0.9.2',
114 silly addNameRange     '0.10.0',
114 silly addNameRange     '1.0.0-rc.1',
114 silly addNameRange     '1.0.0-rc.2',
114 silly addNameRange     '1.0.0-rc.3',
114 silly addNameRange     '1.0.0',
114 silly addNameRange     '1.0.1',
114 silly addNameRange     '1.1.0',
114 silly addNameRange     '1.1.1',
114 silly addNameRange     '1.2.0',
114 silly addNameRange     '1.2.1',
114 silly addNameRange     '1.3.0',
114 silly addNameRange     '1.3.1',
114 silly addNameRange     '2.0.0',
114 silly addNameRange     '2.1.0',
114 silly addNameRange     '2.2.0',
114 silly addNameRange     '2.2.1',
114 silly addNameRange     '2.3.0',
114 silly addNameRange     '2.4.0',
114 silly addNameRange     '2.4.1',
114 silly addNameRange     '3.0.0',
114 silly addNameRange     '3.0.1',
114 silly addNameRange     '3.1.0',
114 silly addNameRange     '3.2.0',
114 silly addNameRange     '3.3.0',
114 silly addNameRange     '3.3.1',
114 silly addNameRange     '3.4.0',
114 silly addNameRange     '3.5.0',
114 silly addNameRange     '3.6.0',
114 silly addNameRange     '1.0.2',
114 silly addNameRange     '3.7.0',
114 silly addNameRange     '2.4.2',
114 silly addNameRange     '3.8.0',
114 silly addNameRange     '3.9.0',
114 silly addNameRange     '3.9.1',
114 silly addNameRange     '3.9.2',
114 silly addNameRange     '3.9.3',
114 silly addNameRange     '3.10.0',
114 silly addNameRange     '3.10.1',
114 silly addNameRange     '4.0.0',
114 silly addNameRange     '4.0.1',
114 silly addNameRange     '4.1.0',
114 silly addNameRange     '4.2.0',
114 silly addNameRange     '4.2.1',
114 silly addNameRange     '4.3.0',
114 silly addNameRange     '4.4.0',
114 silly addNameRange     '4.5.0',
114 silly addNameRange     '4.5.1',
114 silly addNameRange     '4.6.0',
114 silly addNameRange     '4.6.1',
114 silly addNameRange     '4.7.0',
114 silly addNameRange     '4.8.0',
114 silly addNameRange     '4.8.1',
114 silly addNameRange     '4.8.2',
114 silly addNameRange     '4.9.0',
114 silly addNameRange     '4.10.0',
114 silly addNameRange     '4.11.0',
114 silly addNameRange     '4.11.1',
114 silly addNameRange     '4.11.2',
114 silly addNameRange     '4.12.0',
114 silly addNameRange     '4.13.0',
114 silly addNameRange     '4.13.1',
114 silly addNameRange     '4.14.0',
114 silly addNameRange     '4.14.1',
114 silly addNameRange     '4.14.2',
114 silly addNameRange     '4.15.0' ] ]
115 silly addNamed lodash@2.4.2
116 verbose addNamed "2.4.2" is a plain semver version for lodash
117 silly mapToRegistry name lodash
118 silly mapToRegistry using default registry
119 silly mapToRegistry registry https://registry.npmjs.org/
120 silly mapToRegistry data Result {
120 silly mapToRegistry   raw: 'lodash',
120 silly mapToRegistry   scope: null,
120 silly mapToRegistry   name: 'lodash',
120 silly mapToRegistry   rawSpec: '',
120 silly mapToRegistry   spec: 'latest',
120 silly mapToRegistry   type: 'tag' }
121 silly mapToRegistry uri https://registry.npmjs.org/lodash
122 verbose addRemoteTarball https://registry.npmjs.org/lodash/-/lodash-2.4.2.tgz not in flight; adding
123 verbose addRemoteTarball [ 'https://registry.npmjs.org/lodash/-/lodash-2.4.2.tgz',
123 verbose addRemoteTarball   'fadd834b9683073da179b3eae6d9c0d15053f73e' ]
124 info retry fetch attempt 1 at 3:32:09 PM
125 info attempt registry request try #1 at 3:32:09 PM
126 http fetch GET https://registry.npmjs.org/lodash/-/lodash-2.4.2.tgz
127 http fetch 200 https://registry.npmjs.org/lodash/-/lodash-2.4.2.tgz
128 silly fetchAndShaCheck shasum fadd834b9683073da179b3eae6d9c0d15053f73e
129 verbose addTmpTarball C:\Users\Robi\AppData\Local\Temp\npm-6364-610b6aac\registry.npmjs.org\lodash\-\lodash-2.4.2.tgz not in flight; adding
130 verbose addTmpTarball already have metadata; skipping unpack for lodash@2.4.2
131 verbose correctMkdir C:\Users\Robi\AppData\Roaming\npm-cache correctMkdir not in flight; initializing
132 silly cache afterAdd lodash@2.4.2
133 verbose afterAdd C:\Users\Robi\AppData\Roaming\npm-cache\lodash\2.4.2\package\package.json not in flight; writing
134 verbose correctMkdir C:\Users\Robi\AppData\Roaming\npm-cache correctMkdir not in flight; initializing
135 verbose afterAdd C:\Users\Robi\AppData\Roaming\npm-cache\lodash\2.4.2\package\package.json written
136 silly install resolved [ { name: 'lodash',
136 silly install resolved     version: '2.4.2',
136 silly install resolved     description: 'A utility library delivering consistency, customization, performance, & extras.',
136 silly install resolved     homepage: 'http://lodash.com/',
136 silly install resolved     license: 'MIT',
136 silly install resolved     main: 'dist/lodash.js',
136 silly install resolved     keywords:
136 silly install resolved      [ 'amd',
136 silly install resolved        'browser',
136 silly install resolved        'client',
136 silly install resolved        'customize',
136 silly install resolved        'functional',
136 silly install resolved        'server',
136 silly install resolved        'util' ],
136 silly install resolved     author:
136 silly install resolved      { name: 'John-David Dalton',
136 silly install resolved        email: 'john.david.dalton@gmail.com',
136 silly install resolved        url: 'http://allyoucanleet.com/' },
136 silly install resolved     contributors: [ [Object], [Object], [Object], [Object] ],
136 silly install resolved     bugs: { url: 'https://github.com/lodash/lodash/issues' },
136 silly install resolved     repository: { type: 'git', url: 'https://github.com/lodash/lodash.git' },
136 silly install resolved     engines: [ 'node', 'rhino' ],
136 silly install resolved     files:
136 silly install resolved      [ 'LICENSE.txt',
136 silly install resolved        'lodash.js',
136 silly install resolved        'dist/lodash.js',
136 silly install resolved        'dist/lodash.min.js',
136 silly install resolved        'dist/lodash.compat.js',
136 silly install resolved        'dist/lodash.compat.min.js',
136 silly install resolved        'dist/lodash.underscore.js',
136 silly install resolved        'dist/lodash.underscore.min.js' ],
136 silly install resolved     jam: { main: 'dist/lodash.compat.js', include: [Object] },
136 silly install resolved     volo: { type: 'directory', ignore: [Object] },
136 silly install resolved     _id: 'lodash@2.4.2',
136 silly install resolved     scripts: {},
136 silly install resolved     _shasum: 'fadd834b9683073da179b3eae6d9c0d15053f73e',
136 silly install resolved     _from: 'lodash@>=2.4.1 <3.0.0',
136 silly install resolved     _npmVersion: '2.7.5',
136 silly install resolved     _nodeVersion: '0.12.2',
136 silly install resolved     _npmUser: { name: 'jdalton', email: 'john.david.dalton@gmail.com' },
136 silly install resolved     maintainers: [ [Object], [Object], [Object], [Object], [Object] ],
136 silly install resolved     dist:
136 silly install resolved      { shasum: 'fadd834b9683073da179b3eae6d9c0d15053f73e',
136 silly install resolved        tarball: 'https://registry.npmjs.org/lodash/-/lodash-2.4.2.tgz' },
136 silly install resolved     directories: {},
136 silly install resolved     _resolved: 'https://registry.npmjs.org/lodash/-/lodash-2.4.2.tgz' } ]
137 info install lodash@2.4.2 into c:\xampp\htdocs\ayelabs\rohas\wp-content\themes\rohas-lite\node_modules\grunt-image-base64-sass
138 info installOne lodash@2.4.2
139 verbose installOne of lodash to c:\xampp\htdocs\ayelabs\rohas\wp-content\themes\rohas-lite\node_modules\grunt-image-base64-sass not in flight; installing
140 verbose correctMkdir C:\Users\Robi\AppData\Roaming\npm-cache\_locks correctMkdir not in flight; initializing
141 verbose lock using C:\Users\Robi\AppData\Roaming\npm-cache\_locks\lodash-1f89b4f4f674edd8.lock for c:\xampp\htdocs\ayelabs\rohas\wp-content\themes\rohas-lite\node_modules\grunt-image-base64-sass\node_modules\lodash
142 silly install write writing lodash 2.4.2 to c:\xampp\htdocs\ayelabs\rohas\wp-content\themes\rohas-lite\node_modules\grunt-image-base64-sass\node_modules\lodash
143 verbose unbuild node_modules\grunt-image-base64-sass\node_modules\lodash
144 silly gentlyRm c:\xampp\htdocs\ayelabs\rohas\wp-content\themes\rohas-lite\node_modules\grunt-image-base64-sass\node_modules\lodash is being purged from base c:\xampp\htdocs\ayelabs\rohas\wp-content\themes\rohas-lite
145 verbose gentlyRm don't care about contents; nuking c:\xampp\htdocs\ayelabs\rohas\wp-content\themes\rohas-lite\node_modules\grunt-image-base64-sass\node_modules\lodash
146 verbose tar unpack C:\Users\Robi\AppData\Roaming\npm-cache\lodash\2.4.2\package.tgz
147 verbose tar unpacking to c:\xampp\htdocs\ayelabs\rohas\wp-content\themes\rohas-lite\node_modules\grunt-image-base64-sass\node_modules\lodash
148 silly gentlyRm c:\xampp\htdocs\ayelabs\rohas\wp-content\themes\rohas-lite\node_modules\grunt-image-base64-sass\node_modules\lodash is being purged
149 verbose gentlyRm don't care about contents; nuking c:\xampp\htdocs\ayelabs\rohas\wp-content\themes\rohas-lite\node_modules\grunt-image-base64-sass\node_modules\lodash
150 silly gunzTarPerm modes [ '777', '666' ]
151 silly gunzTarPerm extractEntry package.json
152 silly gunzTarPerm modified mode [ 'package.json', 420, 438 ]
153 silly gunzTarPerm extractEntry README.md
154 silly gunzTarPerm modified mode [ 'README.md', 420, 438 ]
155 silly gunzTarPerm extractEntry lodash.js
156 silly gunzTarPerm modified mode [ 'lodash.js', 420, 438 ]
157 silly gunzTarPerm extractEntry LICENSE.txt
158 silly gunzTarPerm modified mode [ 'LICENSE.txt', 420, 438 ]
159 silly gunzTarPerm extractEntry dist/lodash.compat.js
160 silly gunzTarPerm modified mode [ 'dist/lodash.compat.js', 420, 438 ]
161 silly gunzTarPerm extractEntry dist/lodash.compat.min.js
162 silly gunzTarPerm modified mode [ 'dist/lodash.compat.min.js', 420, 438 ]
163 silly gunzTarPerm extractEntry dist/lodash.js
164 silly gunzTarPerm modified mode [ 'dist/lodash.js', 420, 438 ]
165 silly gunzTarPerm extractEntry dist/lodash.min.js
166 silly gunzTarPerm modified mode [ 'dist/lodash.min.js', 420, 438 ]
167 silly gunzTarPerm extractEntry dist/lodash.underscore.js
168 silly gunzTarPerm modified mode [ 'dist/lodash.underscore.js', 420, 438 ]
169 silly gunzTarPerm extractEntry dist/lodash.underscore.min.js
170 silly gunzTarPerm modified mode [ 'dist/lodash.underscore.min.js', 420, 438 ]
171 verbose write writing to c:\xampp\htdocs\ayelabs\rohas\wp-content\themes\rohas-lite\node_modules\grunt-image-base64-sass\node_modules\lodash\package.json
172 info preinstall lodash@2.4.2
173 verbose readDependencies loading dependencies from c:\xampp\htdocs\ayelabs\rohas\wp-content\themes\rohas-lite\node_modules\grunt-image-base64-sass\node_modules\lodash\package.json
174 verbose readDependencies loading dependencies from c:\xampp\htdocs\ayelabs\rohas\wp-content\themes\rohas-lite\node_modules\grunt-image-base64-sass\node_modules\lodash\package.json
175 silly install resolved []
176 verbose about to build c:\xampp\htdocs\ayelabs\rohas\wp-content\themes\rohas-lite\node_modules\grunt-image-base64-sass\node_modules\lodash
177 info build c:\xampp\htdocs\ayelabs\rohas\wp-content\themes\rohas-lite\node_modules\grunt-image-base64-sass\node_modules\lodash
178 info linkStuff lodash@2.4.2
179 silly linkStuff lodash@2.4.2 has c:\xampp\htdocs\ayelabs\rohas\wp-content\themes\rohas-lite\node_modules\grunt-image-base64-sass\node_modules as its parent node_modules
180 verbose linkBins lodash@2.4.2
181 verbose linkMans lodash@2.4.2
182 verbose rebuildBundles lodash@2.4.2
183 info install lodash@2.4.2
184 info postinstall lodash@2.4.2
185 verbose unlock done using C:\Users\Robi\AppData\Roaming\npm-cache\_locks\lodash-1f89b4f4f674edd8.lock for c:\xampp\htdocs\ayelabs\rohas\wp-content\themes\rohas-lite\node_modules\grunt-image-base64-sass\node_modules\lodash
186 verbose about to build c:\xampp\htdocs\ayelabs\rohas\wp-content\themes\rohas-lite\node_modules\grunt-image-base64-sass
187 info build c:\xampp\htdocs\ayelabs\rohas\wp-content\themes\rohas-lite\node_modules\grunt-image-base64-sass
188 info linkStuff grunt-image-base64-sass@1.0.4
189 silly linkStuff grunt-image-base64-sass@1.0.4 has c:\xampp\htdocs\ayelabs\rohas\wp-content\themes\rohas-lite\node_modules as its parent node_modules
190 verbose linkBins grunt-image-base64-sass@1.0.4
191 verbose linkMans grunt-image-base64-sass@1.0.4
192 verbose rebuildBundles grunt-image-base64-sass@1.0.4
193 verbose rebuildBundles [ 'lodash' ]
194 info install grunt-image-base64-sass@1.0.4
195 info postinstall grunt-image-base64-sass@1.0.4
196 verbose readDependencies loading dependencies from c:\xampp\htdocs\ayelabs\rohas\wp-content\themes\rohas-lite\package.json
197 verbose targetResolver reading package data from c:\xampp\htdocs\ayelabs\rohas\wp-content\themes\rohas-lite\node_modules\grunt\package.json
198 verbose targetResolver reading package data from c:\xampp\htdocs\ayelabs\rohas\wp-content\themes\rohas-lite\node_modules\grunt-contrib-concat\package.json
199 verbose targetResolver reading package data from c:\xampp\htdocs\ayelabs\rohas\wp-content\themes\rohas-lite\node_modules\grunt-contrib-uglify\package.json
200 verbose targetResolver reading package data from c:\xampp\htdocs\ayelabs\rohas\wp-content\themes\rohas-lite\node_modules\grunt-contrib-watch\package.json
201 verbose targetResolver reading package data from c:\xampp\htdocs\ayelabs\rohas\wp-content\themes\rohas-lite\node_modules\grunt-image-base64-sass\package.json
202 verbose targetResolver reading package data from c:\xampp\htdocs\ayelabs\rohas\wp-content\themes\rohas-lite\node_modules\grunt-sass\package.json
203 verbose targetResolver reading package data from c:\xampp\htdocs\ayelabs\rohas\wp-content\themes\rohas-lite\node_modules\load-grunt-tasks\package.json
204 verbose targetResolver reading package data from c:\xampp\htdocs\ayelabs\rohas\wp-content\themes\rohas-lite\node_modules\.bin\grunt\package.json
205 verbose targetResolver reading package data from c:\xampp\htdocs\ayelabs\rohas\wp-content\themes\rohas-lite\node_modules\.bin\grunt-image-embed\package.json
206 verbose targetResolver reading package data from c:\xampp\htdocs\ayelabs\rohas\wp-content\themes\rohas-lite\node_modules\.bin\grunt-image-embed.cmd\package.json
207 verbose targetResolver reading package data from c:\xampp\htdocs\ayelabs\rohas\wp-content\themes\rohas-lite\node_modules\.bin\grunt.cmd\package.json
208 verbose already installed skipping grunt@~0.4.5 c:\xampp\htdocs\ayelabs\rohas\wp-content\themes\rohas-lite
209 silly install resolved []
210 verbose unlock done using C:\Users\Robi\AppData\Roaming\npm-cache\_locks\grunt-image-base64-sass-7102c5995ba59cc2.lock for c:\xampp\htdocs\ayelabs\rohas\wp-content\themes\rohas-lite\node_modules\grunt-image-base64-sass
211 verbose validateInstall loading c:\xampp\htdocs\ayelabs\rohas\wp-content\themes\rohas-lite\package.json for validation
212 verbose stack Error: The package grunt@1.0.1 does not satisfy its siblings' peerDependencies requirements!
212 verbose stack     at C:\Program Files\nodejs\node_modules\npm\lib\install.js:125:32
212 verbose stack     at C:\Program Files\nodejs\node_modules\npm\lib\install.js:268:7
212 verbose stack     at C:\Program Files\nodejs\node_modules\npm\node_modules\read-installed\read-installed.js:142:5
212 verbose stack     at C:\Program Files\nodejs\node_modules\npm\node_modules\read-installed\read-installed.js:263:14
212 verbose stack     at cb (C:\Program Files\nodejs\node_modules\npm\node_modules\slide\lib\async-map.js:47:24)
212 verbose stack     at C:\Program Files\nodejs\node_modules\npm\node_modules\read-installed\read-installed.js:263:14
212 verbose stack     at cb (C:\Program Files\nodejs\node_modules\npm\node_modules\slide\lib\async-map.js:47:24)
212 verbose stack     at C:\Program Files\nodejs\node_modules\npm\node_modules\read-installed\read-installed.js:263:14
212 verbose stack     at cb (C:\Program Files\nodejs\node_modules\npm\node_modules\slide\lib\async-map.js:47:24)
212 verbose stack     at C:\Program Files\nodejs\node_modules\npm\node_modules\read-installed\read-installed.js:263:14
213 verbose cwd c:\xampp\htdocs\ayelabs\rohas\wp-content\themes\rohas-lite
214 error Windows_NT 6.3.9600
215 error argv "C:\\Program Files\\nodejs\\node.exe" "C:\\Program Files\\nodejs\\node_modules\\npm\\bin\\npm-cli.js" "install" "grunt-image-base64-sass" "--save-dev"
216 error node v4.5.0
217 error npm  v2.15.9
218 error code EPEERINVALID
219 error peerinvalid The package grunt@1.0.1 does not satisfy its siblings' peerDependencies requirements!
219 error peerinvalid Peer grunt-image-base64-sass@1.0.4 wants grunt@~0.4.5
219 error peerinvalid Peer grunt-contrib-concat@1.0.1 wants grunt@>=0.4.0
219 error peerinvalid Peer load-grunt-tasks@3.5.2 wants grunt@>=0.4.0
219 error peerinvalid Peer grunt-sass@1.2.1 wants grunt@>=0.4.0
220 verbose exit [ 1, true ]
